c:\users\yehong\source\repos\palette\palette\x64\release\palette.pch
c:\users\yehong\source\repos\palette\palette\x64\release\vc142.pdb
c:\users\yehong\source\repos\palette\palette\x64\release\pch.obj
c:\users\yehong\source\repos\palette\palette\x64\release\vbox.obj
c:\users\yehong\source\repos\palette\palette\x64\release\test.obj
c:\users\yehong\source\repos\palette\palette\x64\release\pixcounter.obj
c:\users\yehong\source\repos\palette\palette\x64\release\palette.obj
c:\users\yehong\source\repos\palette\palette\x64\release\moviebarcode.obj
c:\users\yehong\source\repos\palette\x64\release\palette.dll
c:\users\yehong\source\repos\palette\palette\x64\release\palette.ipdb
c:\users\yehong\source\repos\palette\palette\x64\release\palette.iobj
c:\users\yehong\source\repos\palette\x64\release\palette.pdb
c:\users\yehong\source\repos\palette\x64\release\palette.lib
c:\users\yehong\source\repos\palette\x64\release\palette.exp
c:\users\yehong\source\repos\palette\palette\x64\release\palette.tlog\cl.command.1.tlog
c:\users\yehong\source\repos\palette\palette\x64\release\palette.tlog\cl.read.1.tlog
c:\users\yehong\source\repos\palette\palette\x64\release\palette.tlog\cl.write.1.tlog
c:\users\yehong\source\repos\palette\palette\x64\release\palette.tlog\link.command.1.tlog
c:\users\yehong\source\repos\palette\palette\x64\release\palette.tlog\link.read.1.tlog
c:\users\yehong\source\repos\palette\palette\x64\release\palette.tlog\link.write.1.tlog
c:\users\yehong\source\repos\palette\palette\x64\release\palette.tlog\palette.write.1u.tlog
